<?xml version="1.0" encoding="UTF-8"?>
<!-- Generated by org.testng.reporters.JUnitXMLReporter -->
<testsuite hostname="Navinkumar_Singh_Laptop" name="LoginToTheApplication" tests="4" failures="2" timestamp="18 May 2019 06:04:19 GMT" time="27.001" errors="0">
  <testcase name="validatingLogin" time="7.105" classname="com.qa.testsuites.TestSuite"/>
  <testcase name="ValidatingFirstAvailableHeadphoneAddedToCart" time="1.034" classname="com.qa.testsuites.TestSuite">
    <failure type="java.lang.AssertionError" message="Failed to Select First Available Headphone And Add To Cart expected [true] but found [false]">
      <![CDATA[java.lang.AssertionError: Failed to Select First Available Headphone And Add To Cart expected [true] but found [false]
	at com.qa.testsuites.TestSuite.ValidatingFirstAvailableHeadphoneAddedToCart(TestSuite.java:46)
... Removed 27 stack frames]]>
    </failure>
  </testcase> <!-- ValidatingFirstAvailableHeadphoneAddedToCart -->
  <testcase name="ValidatingMacBookProAddedToCart" time="1.05" classname="com.qa.testsuites.TestSuite">
    <failure type="java.lang.AssertionError" message="Failed to Select First Available Headphone And Add To Cart expected [true] but found [false]">
      <![CDATA[java.lang.AssertionError: Failed to Select First Available Headphone And Add To Cart expected [true] but found [false]
	at com.qa.testsuites.TestSuite.ValidatingMacBookProAddedToCart(TestSuite.java:55)
... Removed 27 stack frames]]>
    </failure>
  </testcase> <!-- ValidatingMacBookProAddedToCart -->
  <testcase name="validatingCloseBrowser" time="2.533" classname="com.qa.testsuites.TestSuite"/>
</testsuite> <!-- LoginToTheApplication -->
